<?xml version="1.0" encoding="UTF-8"?>
<!-- Generated by org.testng.reporters.JUnitReportReporter -->
<testsuite skipped="0" hostname="C02QT908G8WN.local" name="com.zinio.web.pages.gorun" tests="1" failures="0" timestamp="18 Dec 2017 08:19:45 GMT" time="13.969" errors="0">
  <testcase name="Login" time="13.969" classname="com.zinio.web.pages.gorun"/>
</testsuite> <!-- com.zinio.web.pages.gorun -->
