<?xml version="1.0" encoding="UTF-8"?>
<!-- Generated by org.testng.reporters.JUnitReportReporter -->
<testsuite skipped="0" hostname="C02QT908G8WN.local" name="com.zinio.web.testcase.LoginWwW" tests="1" failures="0" timestamp="18 Dec 2017 11:20:52 GMT" time="15.118" errors="0">
  <testcase name="Login" time="15.118" classname="com.zinio.web.testcase.LoginWwW"/>
</testsuite> <!-- com.zinio.web.testcase.LoginWwW -->
